ARM GAS  /tmp/ccCSSl2h.s 			page 1


   1              		.cpu cortex-m0
   2              		.eabi_attribute 20, 1
   3              		.eabi_attribute 21, 1
   4              		.eabi_attribute 23, 3
   5              		.eabi_attribute 24, 1
   6              		.eabi_attribute 25, 1
   7              		.eabi_attribute 26, 1
   8              		.eabi_attribute 30, 1
   9              		.eabi_attribute 34, 0
  10              		.eabi_attribute 18, 4
  11              		.file	"stm32f0xx_it.c"
  12              		.text
  13              	.Ltext0:
  14              		.cfi_sections	.debug_frame
  15              		.section	.text.NMI_Handler,"ax",%progbits
  16              		.align	1
  17              		.global	NMI_Handler
  18              		.arch armv6s-m
  19              		.syntax unified
  20              		.code	16
  21              		.thumb_func
  22              		.fpu softvfp
  24              	NMI_Handler:
  25              	.LFB37:
  26              		.file 1 "Src/stm32f0xx_it.c"
   1:Src/stm32f0xx_it.c **** 
   2:Src/stm32f0xx_it.c **** /*
   3:Src/stm32f0xx_it.c ****  * Otter-Iron  -  Stm32f072 based soldering iron.
   4:Src/stm32f0xx_it.c ****  * Copyright (C) 2019 Jan Henrik Hemsing
   5:Src/stm32f0xx_it.c ****  *
   6:Src/stm32f0xx_it.c ****  * This program is free software: you can redistribute it and/or modify it
   7:Src/stm32f0xx_it.c ****  * under the terms of the GNU General Public License as published by the Free
   8:Src/stm32f0xx_it.c ****  * Software Foundation, either version 3 of the License, or (at your option)
   9:Src/stm32f0xx_it.c ****  * any later version.
  10:Src/stm32f0xx_it.c ****  *
  11:Src/stm32f0xx_it.c ****  * This program is distributed in the hope that it will be useful, but WITHOUT
  12:Src/stm32f0xx_it.c ****  * ANY WARRANTY; without even the implied warranty of  MERCHANTABILITY or
  13:Src/stm32f0xx_it.c ****  * FITNESS FOR A PARTICULAR PURPOSE. See the GNU General Public License for
  14:Src/stm32f0xx_it.c ****  * more details.
  15:Src/stm32f0xx_it.c ****  *
  16:Src/stm32f0xx_it.c ****  * You should have received a copy of the GNU General Public License along with
  17:Src/stm32f0xx_it.c ****  * this program.  If not, see <http://www.gnu.org/licenses/>.
  18:Src/stm32f0xx_it.c ****  */
  19:Src/stm32f0xx_it.c **** 
  20:Src/stm32f0xx_it.c **** #include "main.h"
  21:Src/stm32f0xx_it.c **** #include "stm32f0xx_it.h"
  22:Src/stm32f0xx_it.c **** 
  23:Src/stm32f0xx_it.c **** extern ADC_HandleTypeDef hadc;
  24:Src/stm32f0xx_it.c **** extern TIM_HandleTypeDef htim2;
  25:Src/stm32f0xx_it.c **** 
  26:Src/stm32f0xx_it.c **** 
  27:Src/stm32f0xx_it.c **** void NMI_Handler(void)
  28:Src/stm32f0xx_it.c **** {
  27              		.loc 1 28 1 view -0
  28              		.cfi_startproc
  29              		@ args = 0, pretend = 0, frame = 0
  30              		@ frame_needed = 0, uses_anonymous_args = 0
ARM GAS  /tmp/ccCSSl2h.s 			page 2


  31              		@ link register save eliminated.
  29:Src/stm32f0xx_it.c **** 
  30:Src/stm32f0xx_it.c **** }
  32              		.loc 1 30 1 view .LVU1
  33              		@ sp needed
  34 0000 7047     		bx	lr
  35              		.cfi_endproc
  36              	.LFE37:
  38              		.section	.text.HardFault_Handler,"ax",%progbits
  39              		.align	1
  40              		.global	HardFault_Handler
  41              		.syntax unified
  42              		.code	16
  43              		.thumb_func
  44              		.fpu softvfp
  46              	HardFault_Handler:
  47              	.LFB38:
  31:Src/stm32f0xx_it.c **** 
  32:Src/stm32f0xx_it.c **** void HardFault_Handler(void)
  33:Src/stm32f0xx_it.c **** {
  48              		.loc 1 33 1 view -0
  49              		.cfi_startproc
  50              		@ Volatile: function does not return.
  51              		@ args = 0, pretend = 0, frame = 0
  52              		@ frame_needed = 0, uses_anonymous_args = 0
  53              		@ link register save eliminated.
  54              	.L3:
  34:Src/stm32f0xx_it.c ****   while (1)
  55              		.loc 1 34 3 discriminator 1 view .LVU3
  35:Src/stm32f0xx_it.c ****   {
  36:Src/stm32f0xx_it.c ****   }
  56              		.loc 1 36 3 discriminator 1 view .LVU4
  57 0000 FEE7     		b	.L3
  58              		.cfi_endproc
  59              	.LFE38:
  61              		.section	.text.SVC_Handler,"ax",%progbits
  62              		.align	1
  63              		.global	SVC_Handler
  64              		.syntax unified
  65              		.code	16
  66              		.thumb_func
  67              		.fpu softvfp
  69              	SVC_Handler:
  70              	.LFB39:
  37:Src/stm32f0xx_it.c **** }
  38:Src/stm32f0xx_it.c **** 
  39:Src/stm32f0xx_it.c **** void SVC_Handler(void)
  40:Src/stm32f0xx_it.c **** {
  71              		.loc 1 40 1 view -0
  72              		.cfi_startproc
  73              		@ args = 0, pretend = 0, frame = 0
  74              		@ frame_needed = 0, uses_anonymous_args = 0
  75              		@ link register save eliminated.
  41:Src/stm32f0xx_it.c **** }
  76              		.loc 1 41 1 view .LVU6
  77              		@ sp needed
  78 0000 7047     		bx	lr
ARM GAS  /tmp/ccCSSl2h.s 			page 3


  79              		.cfi_endproc
  80              	.LFE39:
  82              		.section	.text.PendSV_Handler,"ax",%progbits
  83              		.align	1
  84              		.global	PendSV_Handler
  85              		.syntax unified
  86              		.code	16
  87              		.thumb_func
  88              		.fpu softvfp
  90              	PendSV_Handler:
  91              	.LFB40:
  42:Src/stm32f0xx_it.c **** 
  43:Src/stm32f0xx_it.c **** void PendSV_Handler(void)
  44:Src/stm32f0xx_it.c **** {
  92              		.loc 1 44 1 view -0
  93              		.cfi_startproc
  94              		@ args = 0, pretend = 0, frame = 0
  95              		@ frame_needed = 0, uses_anonymous_args = 0
  96              		@ link register save eliminated.
  45:Src/stm32f0xx_it.c **** }
  97              		.loc 1 45 1 view .LVU8
  98              		@ sp needed
  99 0000 7047     		bx	lr
 100              		.cfi_endproc
 101              	.LFE40:
 103              		.section	.text.SysTick_Handler,"ax",%progbits
 104              		.align	1
 105              		.global	SysTick_Handler
 106              		.syntax unified
 107              		.code	16
 108              		.thumb_func
 109              		.fpu softvfp
 111              	SysTick_Handler:
 112              	.LFB41:
  46:Src/stm32f0xx_it.c **** 
  47:Src/stm32f0xx_it.c **** void SysTick_Handler(void)
  48:Src/stm32f0xx_it.c **** {
 113              		.loc 1 48 1 view -0
 114              		.cfi_startproc
 115              		@ args = 0, pretend = 0, frame = 0
 116              		@ frame_needed = 0, uses_anonymous_args = 0
 117 0000 10B5     		push	{r4, lr}
 118              	.LCFI0:
 119              		.cfi_def_cfa_offset 8
 120              		.cfi_offset 4, -8
 121              		.cfi_offset 14, -4
  49:Src/stm32f0xx_it.c ****   HAL_IncTick();
 122              		.loc 1 49 3 view .LVU10
 123 0002 FFF7FEFF 		bl	HAL_IncTick
 124              	.LVL0:
  50:Src/stm32f0xx_it.c **** }
 125              		.loc 1 50 1 is_stmt 0 view .LVU11
 126              		@ sp needed
 127 0006 10BD     		pop	{r4, pc}
 128              		.cfi_endproc
 129              	.LFE41:
 131              		.section	.text.ADC1_COMP_IRQHandler,"ax",%progbits
ARM GAS  /tmp/ccCSSl2h.s 			page 4


 132              		.align	1
 133              		.global	ADC1_COMP_IRQHandler
 134              		.syntax unified
 135              		.code	16
 136              		.thumb_func
 137              		.fpu softvfp
 139              	ADC1_COMP_IRQHandler:
 140              	.LFB42:
  51:Src/stm32f0xx_it.c **** 
  52:Src/stm32f0xx_it.c **** void ADC1_COMP_IRQHandler(void)
  53:Src/stm32f0xx_it.c **** {
 141              		.loc 1 53 1 is_stmt 1 view -0
 142              		.cfi_startproc
 143              		@ args = 0, pretend = 0, frame = 0
 144              		@ frame_needed = 0, uses_anonymous_args = 0
 145 0000 10B5     		push	{r4, lr}
 146              	.LCFI1:
 147              		.cfi_def_cfa_offset 8
 148              		.cfi_offset 4, -8
 149              		.cfi_offset 14, -4
  54:Src/stm32f0xx_it.c ****   HAL_ADC_IRQHandler(&hadc);
 150              		.loc 1 54 3 view .LVU13
 151 0002 0248     		ldr	r0, .L8
 152 0004 FFF7FEFF 		bl	HAL_ADC_IRQHandler
 153              	.LVL1:
  55:Src/stm32f0xx_it.c **** }
 154              		.loc 1 55 1 is_stmt 0 view .LVU14
 155              		@ sp needed
 156 0008 10BD     		pop	{r4, pc}
 157              	.L9:
 158 000a C046     		.align	2
 159              	.L8:
 160 000c 00000000 		.word	hadc
 161              		.cfi_endproc
 162              	.LFE42:
 164              		.section	.text.TIM2_IRQHandler,"ax",%progbits
 165              		.align	1
 166              		.global	TIM2_IRQHandler
 167              		.syntax unified
 168              		.code	16
 169              		.thumb_func
 170              		.fpu softvfp
 172              	TIM2_IRQHandler:
 173              	.LFB43:
  56:Src/stm32f0xx_it.c **** 
  57:Src/stm32f0xx_it.c **** void TIM2_IRQHandler(void)
  58:Src/stm32f0xx_it.c **** {
 174              		.loc 1 58 1 is_stmt 1 view -0
 175              		.cfi_startproc
 176              		@ args = 0, pretend = 0, frame = 0
 177              		@ frame_needed = 0, uses_anonymous_args = 0
 178 0000 10B5     		push	{r4, lr}
 179              	.LCFI2:
 180              		.cfi_def_cfa_offset 8
 181              		.cfi_offset 4, -8
 182              		.cfi_offset 14, -4
  59:Src/stm32f0xx_it.c ****   HAL_TIM_IRQHandler(&htim2);
ARM GAS  /tmp/ccCSSl2h.s 			page 5


 183              		.loc 1 59 3 view .LVU16
 184 0002 0248     		ldr	r0, .L11
 185 0004 FFF7FEFF 		bl	HAL_TIM_IRQHandler
 186              	.LVL2:
  60:Src/stm32f0xx_it.c **** }
 187              		.loc 1 60 1 is_stmt 0 view .LVU17
 188              		@ sp needed
 189 0008 10BD     		pop	{r4, pc}
 190              	.L12:
 191 000a C046     		.align	2
 192              	.L11:
 193 000c 00000000 		.word	htim2
 194              		.cfi_endproc
 195              	.LFE43:
 197              		.text
 198              	.Letext0:
 199              		.file 2 "/usr/arm-none-eabi/include/machine/_default_types.h"
 200              		.file 3 "/usr/arm-none-eabi/include/sys/_stdint.h"
 201              		.file 4 "Drivers/CMSIS/Device/ST/STM32F0xx/Include/system_stm32f0xx.h"
 202              		.file 5 "Drivers/CMSIS/Device/ST/STM32F0xx/Include/stm32f072xb.h"
 203              		.file 6 "/usr/arm-none-eabi/include/sys/lock.h"
 204              		.file 7 "/usr/arm-none-eabi/include/sys/_types.h"
 205              		.file 8 "/usr/lib/gcc/arm-none-eabi/9.1.0/include/stddef.h"
 206              		.file 9 "/usr/arm-none-eabi/include/sys/reent.h"
 207              		.file 10 "Drivers/STM32F0xx_HAL_Driver/Inc/stm32f0xx_hal_def.h"
 208              		.file 11 "Drivers/STM32F0xx_HAL_Driver/Inc/stm32f0xx_hal_dma.h"
 209              		.file 12 "Drivers/STM32F0xx_HAL_Driver/Inc/stm32f0xx_hal_adc.h"
 210              		.file 13 "Drivers/STM32F0xx_HAL_Driver/Inc/stm32f0xx_hal_tim.h"
 211              		.file 14 "Drivers/STM32F0xx_HAL_Driver/Inc/stm32f0xx_hal.h"
ARM GAS  /tmp/ccCSSl2h.s 			page 6


DEFINED SYMBOLS
                            *ABS*:0000000000000000 stm32f0xx_it.c
     /tmp/ccCSSl2h.s:16     .text.NMI_Handler:0000000000000000 $t
     /tmp/ccCSSl2h.s:24     .text.NMI_Handler:0000000000000000 NMI_Handler
     /tmp/ccCSSl2h.s:39     .text.HardFault_Handler:0000000000000000 $t
     /tmp/ccCSSl2h.s:46     .text.HardFault_Handler:0000000000000000 HardFault_Handler
     /tmp/ccCSSl2h.s:62     .text.SVC_Handler:0000000000000000 $t
     /tmp/ccCSSl2h.s:69     .text.SVC_Handler:0000000000000000 SVC_Handler
     /tmp/ccCSSl2h.s:83     .text.PendSV_Handler:0000000000000000 $t
     /tmp/ccCSSl2h.s:90     .text.PendSV_Handler:0000000000000000 PendSV_Handler
     /tmp/ccCSSl2h.s:104    .text.SysTick_Handler:0000000000000000 $t
     /tmp/ccCSSl2h.s:111    .text.SysTick_Handler:0000000000000000 SysTick_Handler
     /tmp/ccCSSl2h.s:132    .text.ADC1_COMP_IRQHandler:0000000000000000 $t
     /tmp/ccCSSl2h.s:139    .text.ADC1_COMP_IRQHandler:0000000000000000 ADC1_COMP_IRQHandler
     /tmp/ccCSSl2h.s:160    .text.ADC1_COMP_IRQHandler:000000000000000c $d
     /tmp/ccCSSl2h.s:165    .text.TIM2_IRQHandler:0000000000000000 $t
     /tmp/ccCSSl2h.s:172    .text.TIM2_IRQHandler:0000000000000000 TIM2_IRQHandler
     /tmp/ccCSSl2h.s:193    .text.TIM2_IRQHandler:000000000000000c $d

UNDEFINED SYMBOLS
HAL_IncTick
HAL_ADC_IRQHandler
hadc
HAL_TIM_IRQHandler
htim2
